# JRE version: OpenJDK Runtime Environment Temurin-17.0.4.1+1 (17.0.4.1+1) (build 17.0.4.1+1)
# Java VM: OpenJDK 64-Bit Server VM Temurin-17.0.4.1+1 (17.0.4.1+1, mixed mode, tiered, compressed oops, compressed class ptrs, g1 gc, windows-amd64)
GC Precious Log:
 CPUs: 8 total, 8 available
 Memory: 7502M
 Large Page Support: Disabled
 NUMA Support: Disabled
 Compressed Oops: Enabled (32-bit)
 Heap Region Size: 1M
 Heap Min Capacity: 8M
 Heap Initial Capacity: 118M
 Heap Max Capacity: 1876M
 Pre-touch: Disabled
 Parallel Workers: 8
 Concurrent Workers: 2
 Concurrent Refinement Workers: 8
 Periodic GC: Disabled
Heap:
 garbage-first heap   total 48128K, used 34953K [0x000000008ac00000, 0x0000000100000000)
  region size 1024K, 3 young (3072K), 2 survivors (2048K)
 Metaspace       used 35316K, committed 35584K, reserved 1081344K
  class space    used 3970K, committed 4096K, reserved 1048576K
GC Heap History (14 events):
Event: 1.051 GC heap before
{Heap before GC invocations=0 (full 0):
 garbage-first heap   total 120832K, used 24576K [0x000000008ac00000, 0x0000000100000000)
  region size 1024K, 23 young (23552K), 0 survivors (0K)
 Metaspace       used 13627K, committed 13824K, reserved 1064960K
  class space    used 1310K, committed 1408K, reserved 1048576K
}
Event: 1.057 GC heap after
{Heap after GC invocations=1 (full 0):
 garbage-first heap   total 120832K, used 10272K [0x000000008ac00000, 0x0000000100000000)
  region size 1024K, 3 young (3072K), 3 survivors (3072K)
 Metaspace       used 13627K, committed 13824K, reserved 1064960K
  class space    used 1310K, committed 1408K, reserved 1048576K
}
Event: 1.959 GC heap before
{Heap before GC invocations=1 (full 0):
 garbage-first heap   total 120832K, used 28704K [0x000000008ac00000, 0x0000000100000000)
  region size 1024K, 23 young (23552K), 3 survivors (3072K)
 Metaspace       used 21342K, committed 21504K, reserved 1073152K
  class space    used 2113K, committed 2240K, reserved 1048576K
}
Event: 1.963 GC heap after
{Heap after GC invocations=2 (full 0):
 garbage-first heap   total 120832K, used 12375K [0x000000008ac00000, 0x0000000100000000)
  region size 1024K, 2 young (2048K), 2 survivors (2048K)
 Metaspace       used 21342K, committed 21504K, reserved 1073152K
  class space    used 2113K, committed 2240K, reserved 1048576K
}
Event: 2.677 GC heap before
{Heap before GC invocations=3 (full 0):
 garbage-first heap   total 48128K, used 32855K [0x000000008ac00000, 0x0000000100000000)
  region size 1024K, 23 young (23552K), 2 survivors (2048K)
 Metaspace       used 26180K, committed 26432K, reserved 1073152K
  class space    used 2761K, committed 2880K, reserved 1048576K
}
Event: 2.682 GC heap after
{Heap after GC invocations=4 (full 0):
 garbage-first heap   total 48128K, used 14298K [0x000000008ac00000, 0x0000000100000000)
  region size 1024K, 4 young (4096K), 4 survivors (4096K)
 Metaspace       used 26180K, committed 26432K, reserved 1073152K
  class space    used 2761K, committed 2880K, reserved 1048576K
}
Event: 2.704 GC heap before
{Heap before GC invocations=4 (full 0):
 garbage-first heap   total 48128K, used 15322K [0x000000008ac00000, 0x0000000100000000)
  region size 1024K, 5 young (5120K), 4 survivors (4096K)
 Metaspace       used 26362K, committed 26560K, reserved 1073152K
  class space    used 2770K, committed 2880K, reserved 1048576K
}
Event: 2.708 GC heap after
{Heap after GC invocations=5 (full 0):
 garbage-first heap   total 48128K, used 14796K [0x000000008ac00000, 0x0000000100000000)
  region size 1024K, 1 young (1024K), 1 survivors (1024K)
 Metaspace       used 26362K, committed 26560K, reserved 1073152K
  class space    used 2770K, committed 2880K, reserved 1048576K
}
Event: 3.061 GC heap before
{Heap before GC invocations=5 (full 0):
 garbage-first heap   total 48128K, used 30156K [0x000000008ac00000, 0x0000000100000000)
  region size 1024K, 17 young (17408K), 1 survivors (1024K)
 Metaspace       used 29318K, committed 29504K, reserved 1081344K
  class space    used 3138K, committed 3200K, reserved 1048576K
}
Event: 3.062 GC heap after
{Heap after GC invocations=6 (full 0):
 garbage-first heap   total 48128K, used 15796K [0x000000008ac00000, 0x0000000100000000)
  region size 1024K, 2 young (2048K), 2 survivors (2048K)
 Metaspace       used 29318K, committed 29504K, reserved 1081344K
  class space    used 3138K, committed 3200K, reserved 1048576K
}
Event: 3.580 GC heap before
{Heap before GC invocations=6 (full 0):
 garbage-first heap   total 48128K, used 33204K [0x000000008ac00000, 0x0000000100000000)
  region size 1024K, 19 young (19456K), 2 survivors (2048K)
 Metaspace       used 33953K, committed 34112K, reserved 1081344K
  class space    used 3773K, committed 3840K, reserved 1048576K
}
Event: 3.582 GC heap after
{Heap after GC invocations=7 (full 0):
 garbage-first heap   total 48128K, used 17103K [0x000000008ac00000, 0x0000000100000000)
  region size 1024K, 3 young (3072K), 3 survivors (3072K)
 Metaspace       used 33953K, committed 34112K, reserved 1081344K
  class space    used 3773K, committed 3840K, reserved 1048576K
}
Event: 3.727 GC heap before
{Heap before GC invocations=7 (full 0):
 garbage-first heap   total 48128K, used 21199K [0x000000008ac00000, 0x0000000100000000)
  region size 1024K, 8 young (8192K), 3 survivors (3072K)
 Metaspace       used 35245K, committed 35520K, reserved 1081344K
  class space    used 3961K, committed 4096K, reserved 1048576K
}
Event: 3.730 GC heap after
{Heap after GC invocations=8 (full 0):
 garbage-first heap   total 48128K, used 17545K [0x000000008ac00000, 0x0000000100000000)
  region size 1024K, 2 young (2048K), 2 survivors (2048K)
 Metaspace       used 35245K, committed 35520K, reserved 1081344K
  class space    used 3961K, committed 4096K, reserved 1048576K
}

