<?xml version="1.0" encoding="UTF-8"?>
<testng-results ignored="0" total="1" passed="1" failed="0" skipped="0">
  <reporter-output>
  </reporter-output>
  <suite started-at="2023-12-08T08:20:15Z" name="Default suite" finished-at="2023-12-08T08:20:44Z" duration-ms="28725">
    <groups>
    </groups>
    <test started-at="2023-12-08T08:20:15Z" name="Default test" finished-at="2023-12-08T08:20:44Z" duration-ms="28725">
      <class name="qaautomation.adminBatpay.Webtest">
        <test-method signature="testBlokir()[pri:0, instance:qaautomation.adminBatpay.Webtest@51cd7ffc]" started-at="2023-12-08T08:20:15Z" name="testBlokir" finished-at="2023-12-08T08:20:44Z" duration-ms="28580" status="PASS">
          <reporter-output>
          </reporter-output>
        </test-method> <!-- testBlokir -->
      </class> <!-- qaautomation.adminBatpay.Webtest -->
    </test> <!-- Default test -->
  </suite> <!-- Default suite -->
</testng-results>
